<?xml version="1.0" encoding="UTF-8"?>
<testng-results skipped="0" failed="0" total="1" passed="1">
  <reporter-output>
  </reporter-output>
  <suite name="Suite" duration-ms="24340" started-at="2016-08-06T09:02:05Z" finished-at="2016-08-06T09:02:29Z">
    <groups>
    </groups>
    <test name="Test" duration-ms="24340" started-at="2016-08-06T09:02:05Z" finished-at="2016-08-06T09:02:29Z">
      <class name="JenkinsPkg.Demo">
        <test-method status="PASS" signature="testA()[pri:0, instance:JenkinsPkg.Demo@4de8b406]" name="testA" duration-ms="24309" started-at="2016-08-06T14:32:05Z" finished-at="2016-08-06T14:32:29Z">
          <reporter-output>
          </reporter-output>
        </test-method> <!-- testA -->
      </class> <!-- JenkinsPkg.Demo -->
    </test> <!-- Test -->
  </suite> <!-- Suite -->
</testng-results>
